
Copyright (C) 1994-2023 Synopsys, Inc.
This Synopsys software and all associated documentation are proprietary to Synopsys, Inc.
and may only be used pursuant to the terms and conditions of a written license agreement
with Synopsys, Inc. All other use, reproduction, modification, or distribution of the
Synopsys software or the associated documentation is strictly prohibited.
Tool: Synplify Pro (R)
Build: V-2023.09LR-2
Install: /home/seb/lscc/radiant/2024.2/synpbase
OS: Fedora Linux 41 (Workstation Edition)
Hostname: sebsky-dev-laptop
max virtual memory: unlimited (bytes)
max user processes: 79037
max stack size: 8388608 (bytes)


Implementation : impl_1

# Written on Sat Mar 22 21:01:19 2025

##### DESIGN INFO #######################################################

Top View:                "top"
Constraint File(s):      "/home/seb/lscc/radiant/2024.2/scripts/tcl/flow/radiant_synplify_vars.tcl"
                         "/home/seb/ecam/robot/project/robot/timing.sdc"




##### SUMMARY ############################################################

Found 0 issues in 0 out of 4 constraints


##### DETAILS ############################################################



Clock Relationships
*******************

Starting     Ending       |     rise to rise     |     fall to fall     |     rise to fall     |     fall to rise                     
-------------------------------------------------------------------------------------------------------------------------------------
main_clk     main_clk     |     83.333           |     No paths         |     No paths         |     No paths                         
=====================================================================================================================================
 Note: 'No paths' indicates there are no paths in the design for that pair of clock edges.
       'Diff grp' indicates that paths exist but the starting clock and ending clock are in different clock groups.


Unconstrained Start/End Points
******************************

p:led_b
p:led_g
p:led_r
p:pwm_mot1[0]
p:pwm_mot1[1]
p:pwm_mot2[0]
p:pwm_mot2[1]
p:quad1[0]
p:quad1[1]
p:quad2[0]
p:quad2[1]
p:rstn
p:uart_rxd
p:uart_txd
p:us_echo
p:us_trig


Inapplicable constraints
************************

(none)


Applicable constraints with issues
**********************************

(none)


Constraints with matching wildcard expressions
**********************************************

(none)


Library Report
**************


# End of Constraint Checker Report

