
Copyright (C) 1994-2023 Synopsys, Inc.
This Synopsys software and all associated documentation are proprietary to Synopsys, Inc.
and may only be used pursuant to the terms and conditions of a written license agreement
with Synopsys, Inc. All other use, reproduction, modification, or distribution of the
Synopsys software or the associated documentation is strictly prohibited.
Tool: Synplify Pro (R)
Build: V-2023.09LR-2
Install: /home/seb/lscc/radiant/2024.2/synpbase
OS: Fedora Linux 41 (Workstation Edition)
Hostname: sebsky-dev-laptop
max virtual memory: unlimited (bytes)
max user processes: 79037
max stack size: 8388608 (bytes)


Implementation : impl_1

# Written on Sat Mar 22 21:01:18 2025

##### FILES SYNTAX CHECKED ##############################################
Constraint File(s):      "/home/seb/lscc/radiant/2024.2/scripts/tcl/flow/radiant_synplify_vars.tcl"
                         "/home/seb/ecam/robot/project/robot/timing.sdc"

#Run constraint checker to find more issues with constraints.
#########################################################################



No issues found in constraint syntax.



Clock Summary
*************

          Start        Requested     Requested     Clock        Clock                Clock
Level     Clock        Frequency     Period        Type         Group                Load 
------------------------------------------------------------------------------------------
0 -       main_clk     12.0 MHz      83.333        declared     default_clkgroup     134  
==========================================================================================


Clock Load Summary
******************

             Clock     Source        Clock Pin           Non-clock Pin     Non-clock Pin
Clock        Load      Pin           Seq Example         Seq Example       Comb Example 
----------------------------------------------------------------------------------------
main_clk     134       clk(port)     counter[23:0].C     -                 -            
========================================================================================
