---------------------------------------
Resource Usage Report for top 

Mapping to part: ice40up5ksg48i-6
Cell usage:
CCU2_B          45 uses
FD1P3BZ         3 uses
FD1P3DZ         70 uses
FD1P3IZ         41 uses
INV             2 uses
PDP4K           1 use
VHI             8 uses
VLO             8 uses
LUT4            102 uses

I/O ports: 17
I/O primitives: 12
IB             3 uses
OB             6 uses
OBZ_B          3 uses

I/O Register bits:                  0
Register bits not including I/Os:   114 of 5280 (2%)

RAM/ROM usage summary
Block Rams : 1 of 30 (3%)


@S |Mapping Summary:
Total  LUTs: 102 (1%)

Distribution of All Consumed LUTs = LUT4 
Distribution of All Consumed LUTs 102 = 102 

